<?xml version="1.0" encoding="UTF-8"?>
<testng-results ignored="0" total="1" passed="1" failed="0" skipped="0">
  <reporter-output>
  </reporter-output>
  <suite started-at="2024-04-27T11:42:58 IST" name="Default suite" finished-at="2024-04-27T11:43:40 IST" duration-ms="41410">
    <groups>
    </groups>
    <test started-at="2024-04-27T11:42:58 IST" name="Default test" finished-at="2024-04-27T11:43:40 IST" duration-ms="41410">
      <class name="Actual.vtigerTC.CreateOrganizationTest">
        <test-method is-config="true" signature="bsconfig()[pri:0, instance:Actual.vtigerTC.CreateOrganizationTest@47e2e487]" started-at="2024-04-27T11:42:58 IST" name="bsconfig" finished-at="2024-04-27T11:42:58 IST" duration-ms="11" status="PASS">
          <reporter-output>
          </reporter-output>
        </test-method> <!-- bsconfig -->
        <test-method is-config="true" signature="bcconfig()[pri:0, instance:Actual.vtigerTC.CreateOrganizationTest@47e2e487]" started-at="2024-04-27T11:42:59 IST" name="bcconfig" finished-at="2024-04-27T11:43:08 IST" duration-ms="9934" status="PASS">
          <reporter-output>
          </reporter-output>
        </test-method> <!-- bcconfig -->
        <test-method is-config="true" signature="bmconfig()[pri:0, instance:Actual.vtigerTC.CreateOrganizationTest@47e2e487]" started-at="2024-04-27T11:43:08 IST" name="bmconfig" finished-at="2024-04-27T11:43:14 IST" duration-ms="5392" status="PASS">
          <reporter-output>
          </reporter-output>
        </test-method> <!-- bmconfig -->
        <test-method signature="createorg()[pri:0, instance:Actual.vtigerTC.CreateOrganizationTest@47e2e487]" started-at="2024-04-27T11:43:14 IST" name="createorg" finished-at="2024-04-27T11:43:36 IST" duration-ms="21736" status="PASS">
          <reporter-output>
          </reporter-output>
        </test-method> <!-- createorg -->
        <test-method is-config="true" signature="amconfig()[pri:0, instance:Actual.vtigerTC.CreateOrganizationTest@47e2e487]" started-at="2024-04-27T11:43:36 IST" name="amconfig" finished-at="2024-04-27T11:43:37 IST" duration-ms="1839" status="PASS">
          <reporter-output>
          </reporter-output>
        </test-method> <!-- amconfig -->
        <test-method is-config="true" signature="acconfig()[pri:0, instance:Actual.vtigerTC.CreateOrganizationTest@47e2e487]" started-at="2024-04-27T11:43:37 IST" name="acconfig" finished-at="2024-04-27T11:43:40 IST" duration-ms="2424" status="PASS">
          <reporter-output>
          </reporter-output>
        </test-method> <!-- acconfig -->
        <test-method is-config="true" signature="asconfig()[pri:0, instance:Actual.vtigerTC.CreateOrganizationTest@47e2e487]" started-at="2024-04-27T11:43:40 IST" name="asconfig" finished-at="2024-04-27T11:43:40 IST" duration-ms="0" status="PASS">
          <reporter-output>
          </reporter-output>
        </test-method> <!-- asconfig -->
      </class> <!-- Actual.vtigerTC.CreateOrganizationTest -->
    </test> <!-- Default test -->
  </suite> <!-- Default suite -->
</testng-results>
